[20/Jul/2015 13:19:35]"GET /app/index HTTP/1.1" 200 4024
[20/Jul/2015 13:19:36]"GET /static/app/main.css HTTP/1.1" 304 0
[20/Jul/2015 13:19:36]"GET /static/app/starter-template.css HTTP/1.1" 304 0
[20/Jul/2015 13:19:36]"GET /static/app/bootstrap.css HTTP/1.1" 304 0
[20/Jul/2015 13:19:36]"GET /static/app/ie-emulation-modes-warning.js HTTP/1.1" 304 0
[20/Jul/2015 13:19:36]"GET /static/app/area.js HTTP/1.1" 304 0
[20/Jul/2015 13:19:36]"GET /static/app/jquery.js HTTP/1.1" 304 0
[20/Jul/2015 13:19:36]"GET /static/app/main.js HTTP/1.1" 304 0
[20/Jul/2015 13:19:36]"GET /static/app/bootstrap.js HTTP/1.1" 304 0
[20/Jul/2015 13:19:36]"GET /static/app/ie10-viewport-bug-workaround.js HTTP/1.1" 304 0
[20/Jul/2015 13:19:36]"GET /static/app/gongxi.png HTTP/1.1" 304 0
[20/Jul/2015 13:19:40]"GET /app/index HTTP/1.1" 200 4024
[20/Jul/2015 13:19:40]"GET /static/app/bootstrap.css HTTP/1.1" 304 0
[20/Jul/2015 13:19:40]"GET /static/app/starter-template.css HTTP/1.1" 304 0
[20/Jul/2015 13:19:40]"GET /static/app/main.css HTTP/1.1" 304 0
[20/Jul/2015 13:19:40]"GET /static/app/ie-emulation-modes-warning.js HTTP/1.1" 304 0
[20/Jul/2015 13:19:40]"GET /static/app/area.js HTTP/1.1" 304 0
[20/Jul/2015 13:19:40]"GET /static/app/jquery.js HTTP/1.1" 304 0
[20/Jul/2015 13:19:40]"GET /static/app/main.js HTTP/1.1" 304 0
[20/Jul/2015 13:19:41]"GET /static/app/ie10-viewport-bug-workaround.js HTTP/1.1" 304 0
[20/Jul/2015 13:19:41]"GET /static/app/bootstrap.js HTTP/1.1" 304 0
[20/Jul/2015 13:19:41]"GET /static/app/gongxi.png HTTP/1.1" 304 0
[20/Jul/2015 13:19:41]"GET /app/index HTTP/1.1" 200 4024
[20/Jul/2015 13:19:41]"GET /static/app/bootstrap.css HTTP/1.1" 304 0
[20/Jul/2015 13:19:41]"GET /static/app/main.css HTTP/1.1" 304 0
[20/Jul/2015 13:19:41]"GET /static/app/starter-template.css HTTP/1.1" 304 0
[20/Jul/2015 13:19:41]"GET /static/app/area.js HTTP/1.1" 304 0
[20/Jul/2015 13:19:41]"GET /static/app/ie-emulation-modes-warning.js HTTP/1.1" 304 0
[20/Jul/2015 13:19:41]"GET /static/app/jquery.js HTTP/1.1" 304 0
[20/Jul/2015 13:19:41]"GET /static/app/main.js HTTP/1.1" 304 0
[20/Jul/2015 13:19:41]"GET /static/app/bootstrap.js HTTP/1.1" 304 0
[20/Jul/2015 13:19:41]"GET /static/app/ie10-viewport-bug-workaround.js HTTP/1.1" 304 0
[20/Jul/2015 13:19:41]"GET /static/app/gongxi.png HTTP/1.1" 304 0
[20/Jul/2015 13:19:42]"GET /app/index HTTP/1.1" 200 4024
[20/Jul/2015 13:19:42]"GET /static/app/ie-emulation-modes-warning.js HTTP/1.1" 304 0
[20/Jul/2015 13:19:42]"GET /static/app/starter-template.css HTTP/1.1" 304 0
[20/Jul/2015 13:19:42]"GET /static/app/bootstrap.css HTTP/1.1" 304 0
[20/Jul/2015 13:19:42]"GET /static/app/main.css HTTP/1.1" 304 0
[20/Jul/2015 13:19:42]"GET /static/app/area.js HTTP/1.1" 304 0
[20/Jul/2015 13:19:42]"GET /static/app/jquery.js HTTP/1.1" 304 0
[20/Jul/2015 13:19:42]"GET /static/app/main.js HTTP/1.1" 304 0
[20/Jul/2015 13:19:42]"GET /static/app/bootstrap.js HTTP/1.1" 304 0
[20/Jul/2015 13:19:42]"GET /static/app/ie10-viewport-bug-workaround.js HTTP/1.1" 304 0
[20/Jul/2015 13:19:42]"GET /static/app/gongxi.png HTTP/1.1" 304 0
[20/Jul/2015 13:19:43]"GET /app/index HTTP/1.1" 200 4024
[20/Jul/2015 13:19:43]"GET /static/app/main.css HTTP/1.1" 304 0
[20/Jul/2015 13:19:43]"GET /static/app/bootstrap.css HTTP/1.1" 304 0
[20/Jul/2015 13:19:43]"GET /static/app/ie-emulation-modes-warning.js HTTP/1.1" 304 0
[20/Jul/2015 13:19:43]"GET /static/app/area.js HTTP/1.1" 304 0
[20/Jul/2015 13:19:43]"GET /static/app/starter-template.css HTTP/1.1" 304 0
[20/Jul/2015 13:19:43]"GET /static/app/jquery.js HTTP/1.1" 304 0
[20/Jul/2015 13:19:43]"GET /static/app/main.js HTTP/1.1" 304 0
[20/Jul/2015 13:19:43]"GET /static/app/bootstrap.js HTTP/1.1" 304 0
[20/Jul/2015 13:19:43]"GET /static/app/ie10-viewport-bug-workaround.js HTTP/1.1" 304 0
[20/Jul/2015 13:19:43]"GET /static/app/gongxi.png HTTP/1.1" 304 0
[20/Jul/2015 13:19:43]"GET /app/index HTTP/1.1" 200 4024
[20/Jul/2015 13:19:43]"GET /static/app/bootstrap.css HTTP/1.1" 304 0
[20/Jul/2015 13:19:43]"GET /static/app/starter-template.css HTTP/1.1" 304 0
[20/Jul/2015 13:19:43]"GET /static/app/ie-emulation-modes-warning.js HTTP/1.1" 304 0
[20/Jul/2015 13:19:43]"GET /static/app/main.css HTTP/1.1" 304 0
[20/Jul/2015 13:19:43]"GET /static/app/area.js HTTP/1.1" 304 0
[20/Jul/2015 13:19:43]"GET /static/app/jquery.js HTTP/1.1" 304 0
[20/Jul/2015 13:19:43]"GET /static/app/main.js HTTP/1.1" 304 0
[20/Jul/2015 13:19:43]"GET /static/app/bootstrap.js HTTP/1.1" 304 0
[20/Jul/2015 13:19:43]"GET /static/app/ie10-viewport-bug-workaround.js HTTP/1.1" 304 0
[20/Jul/2015 13:19:43]"GET /static/app/gongxi.png HTTP/1.1" 304 0
[20/Jul/2015 13:19:44]"GET /app/index HTTP/1.1" 200 4024
[20/Jul/2015 13:19:44]"GET /static/app/bootstrap.css HTTP/1.1" 304 0
[20/Jul/2015 13:19:44]"GET /static/app/main.css HTTP/1.1" 304 0
[20/Jul/2015 13:19:44]"GET /static/app/starter-template.css HTTP/1.1" 304 0
[20/Jul/2015 13:19:44]"GET /static/app/ie-emulation-modes-warning.js HTTP/1.1" 304 0
[20/Jul/2015 13:19:44]"GET /static/app/area.js HTTP/1.1" 304 0
[20/Jul/2015 13:19:44]"GET /static/app/jquery.js HTTP/1.1" 304 0
[20/Jul/2015 13:19:44]"GET /static/app/main.js HTTP/1.1" 304 0
[20/Jul/2015 13:19:44]"GET /static/app/bootstrap.js HTTP/1.1" 304 0
[20/Jul/2015 13:19:44]"GET /static/app/ie10-viewport-bug-workaround.js HTTP/1.1" 304 0
[20/Jul/2015 13:19:44]"GET /static/app/gongxi.png HTTP/1.1" 304 0
[20/Jul/2015 13:19:44]"GET /app/index HTTP/1.1" 200 4024
[20/Jul/2015 13:19:44]"GET /static/app/starter-template.css HTTP/1.1" 304 0
[20/Jul/2015 13:19:44]"GET /static/app/main.css HTTP/1.1" 304 0
[20/Jul/2015 13:19:44]"GET /static/app/ie-emulation-modes-warning.js HTTP/1.1" 304 0
[20/Jul/2015 13:19:44]"GET /static/app/bootstrap.css HTTP/1.1" 304 0
[20/Jul/2015 13:19:44]"GET /static/app/area.js HTTP/1.1" 304 0
[20/Jul/2015 13:19:44]"GET /static/app/jquery.js HTTP/1.1" 304 0
[20/Jul/2015 13:19:45]"GET /static/app/main.js HTTP/1.1" 304 0
[20/Jul/2015 13:19:45]"GET /static/app/bootstrap.js HTTP/1.1" 304 0
[20/Jul/2015 13:19:45]"GET /static/app/ie10-viewport-bug-workaround.js HTTP/1.1" 304 0
[20/Jul/2015 13:19:45]"GET /static/app/gongxi.png HTTP/1.1" 304 0
[20/Jul/2015 13:20:06]"GET /app/index HTTP/1.1" 200 4024
[20/Jul/2015 13:20:06]"GET /app/index HTTP/1.1" 200 4024
[20/Jul/2015 13:20:06]"GET /static/app/main.css HTTP/1.1" 200 103
[20/Jul/2015 13:20:06]"GET /static/app/starter-template.css HTTP/1.1" 200 96
[20/Jul/2015 13:20:06]"GET /static/app/ie-emulation-modes-warning.js HTTP/1.1" 200 2130
[20/Jul/2015 13:20:06]"GET /static/app/main.js HTTP/1.1" 200 1276
[20/Jul/2015 13:20:06]"GET /static/app/ie10-viewport-bug-workaround.js HTTP/1.1" 200 641
[20/Jul/2015 13:20:06]"GET /static/app/area.js HTTP/1.1" 200 43300
[20/Jul/2015 13:20:06]"GET /static/app/jquery.js HTTP/1.1" 200 95992
[20/Jul/2015 13:20:06]"GET /static/app/bootstrap.js HTTP/1.1" 200 36816
[20/Jul/2015 13:20:07]"GET /static/app/bootstrap.css HTTP/1.1" 200 122540
[20/Jul/2015 13:20:08]"GET /static/app/area.js HTTP/1.1" 200 43300
[20/Jul/2015 13:20:08]"GET /static/app/gongxi.png HTTP/1.1" 200 46268
[20/Jul/2015 13:20:09]"GET /static/app/jquery.js HTTP/1.1" 200 95992
[20/Jul/2015 13:20:09]"GET /static/app/main.js HTTP/1.1" 200 1276
[20/Jul/2015 13:20:09]"GET /static/app/bootstrap.js HTTP/1.1" 200 36816
[20/Jul/2015 13:20:10]"GET /static/app/ie10-viewport-bug-workaround.js HTTP/1.1" 200 641
[20/Jul/2015 13:20:20]"GET /app/index HTTP/1.1" 200 4024
[20/Jul/2015 13:20:20]"GET /static/app/main.css HTTP/1.1" 200 103
[20/Jul/2015 13:20:20]"GET /static/app/starter-template.css HTTP/1.1" 200 96
[20/Jul/2015 13:20:21]"GET /static/app/bootstrap.css HTTP/1.1" 200 122540
[20/Jul/2015 13:20:21]"GET /static/fonts/glyphicons-halflings-regular.eot? HTTP/1.1" 404 1730
[20/Jul/2015 13:20:21]"GET /assets/js/ie8-responsive-file-warning.js HTTP/1.1" 404 2137
[20/Jul/2015 13:20:21]"GET /static/app/ie-emulation-modes-warning.js HTTP/1.1" 200 2130
[20/Jul/2015 13:20:21]"GET /static/app/main.js HTTP/1.1" 200 1276
[20/Jul/2015 13:20:21]"GET /static/app/ie10-viewport-bug-workaround.js HTTP/1.1" 200 641
[20/Jul/2015 13:20:22]"GET /static/app/area.js HTTP/1.1" 200 43300
[20/Jul/2015 13:20:22]"GET /static/app/bootstrap.js HTTP/1.1" 200 36816
[20/Jul/2015 13:20:22]"GET /static/app/jquery.js HTTP/1.1" 200 95992
[20/Jul/2015 13:20:24]"GET /static/app/gongxi.png HTTP/1.1" 200 46268
[20/Jul/2015 13:20:25]"GET /favicon.ico HTTP/1.1" 404 2050
[20/Jul/2015 13:21:49]"GET /static/app/ie10-viewport-bug-workaround.js HTTP/1.1" 200 641
[20/Jul/2015 13:21:49]"GET /static/app/ie-emulation-modes-warning.js HTTP/1.1" 200 2130
[20/Jul/2015 13:21:49]"GET //cdn.bootcss.com/html5shiv/3.7.2/html5shiv.min.js HTTP/1.1" 404 2164
[20/Jul/2015 13:21:49]"GET /assets/js/ie8-responsive-file-warning.js HTTP/1.1" 404 2137
[20/Jul/2015 13:21:49]"GET //cdn.bootcss.com/respond.js/1.4.2/respond.min.js HTTP/1.1" 404 2161
[20/Jul/2015 13:21:49]"GET /static/app/main.js HTTP/1.1" 200 1276
[20/Jul/2015 13:21:49]"GET /static/app/bootstrap.js HTTP/1.1" 200 36816
[20/Jul/2015 13:21:49]"GET /static/app/jquery.js HTTP/1.1" 200 95992
[20/Jul/2015 13:21:49]"GET /static/app/area.js HTTP/1.1" 200 43300
[20/Jul/2015 13:22:21]"POST /app/form HTTP/1.1" 200 2
[20/Jul/2015 13:42:14]"GET /favicon.ico HTTP/1.1" 404 2050
[20/Jul/2015 13:46:12]"GET /favicon.ico HTTP/1.1" 404 2050
[20/Jul/2015 13:46:58]"GET /app/index HTTP/1.1" 200 4024
[20/Jul/2015 13:46:58]"GET /static/app/main.css HTTP/1.1" 200 103
[20/Jul/2015 13:46:58]"GET /static/app/starter-template.css HTTP/1.1" 200 96
[20/Jul/2015 13:46:59]"GET /static/app/ie-emulation-modes-warning.js HTTP/1.1" 200 2130
[20/Jul/2015 13:46:59]"GET /static/app/ie10-viewport-bug-workaround.js HTTP/1.1" 200 641
[20/Jul/2015 13:46:59]"GET /static/app/main.js HTTP/1.1" 200 1276
[20/Jul/2015 13:46:59]"GET /static/app/bootstrap.css HTTP/1.1" 200 122540
[20/Jul/2015 13:46:59]"GET /static/app/area.js HTTP/1.1" 200 43300
[20/Jul/2015 13:46:59]"GET /static/app/bootstrap.js HTTP/1.1" 200 36816
[20/Jul/2015 13:47:00]"GET /static/app/jquery.js HTTP/1.1" 200 95992
[20/Jul/2015 13:47:01]"GET /static/app/gongxi.png HTTP/1.1" 200 46268
[20/Jul/2015 13:47:09]"GET /app/index HTTP/1.1" 200 4024
[20/Jul/2015 13:47:09]"GET /static/app/main.css HTTP/1.1" 304 0
[20/Jul/2015 13:47:09]"GET /static/app/bootstrap.css HTTP/1.1" 304 0
[20/Jul/2015 13:47:09]"GET /static/app/starter-template.css HTTP/1.1" 304 0
[20/Jul/2015 13:47:09]"GET /static/fonts/glyphicons-halflings-regular.eot? HTTP/1.1" 404 1730
[20/Jul/2015 13:47:09]"GET /assets/js/ie8-responsive-file-warning.js HTTP/1.1" 404 2137
[20/Jul/2015 13:47:09]"GET /static/app/ie-emulation-modes-warning.js HTTP/1.1" 304 0
[20/Jul/2015 13:47:09]"GET /static/app/jquery.js HTTP/1.1" 304 0
[20/Jul/2015 13:47:09]"GET /static/app/main.js HTTP/1.1" 304 0
[20/Jul/2015 13:47:09]"GET /static/app/area.js HTTP/1.1" 304 0
[20/Jul/2015 13:47:09]"GET /static/app/ie10-viewport-bug-workaround.js HTTP/1.1" 304 0
[20/Jul/2015 13:47:09]"GET /static/app/bootstrap.js HTTP/1.1" 304 0
[20/Jul/2015 13:47:09]"GET /static/app/gongxi.png HTTP/1.1" 304 0
[20/Jul/2015 13:47:13]"GET /favicon.ico HTTP/1.1" 404 2050
[20/Jul/2015 13:47:33]"GET /app/index HTTP/1.1" 200 4024
[20/Jul/2015 13:47:33]"GET /static/app/main.css HTTP/1.1" 200 103
[20/Jul/2015 13:47:33]"GET /static/app/starter-template.css HTTP/1.1" 200 96
[20/Jul/2015 13:47:33]"GET /static/app/ie-emulation-modes-warning.js HTTP/1.1" 200 2130
[20/Jul/2015 13:47:33]"GET /static/app/main.js HTTP/1.1" 200 1276
[20/Jul/2015 13:47:33]"GET /static/app/bootstrap.css HTTP/1.1" 200 122540
[20/Jul/2015 13:47:33]"GET /static/app/ie10-viewport-bug-workaround.js HTTP/1.1" 200 641
[20/Jul/2015 13:47:34]"GET /static/app/area.js HTTP/1.1" 200 43300
[20/Jul/2015 13:47:34]"GET /static/app/bootstrap.js HTTP/1.1" 200 36816
[20/Jul/2015 13:47:35]"GET /static/app/gongxi.png HTTP/1.1" 200 46268
[20/Jul/2015 13:47:36]"GET /static/app/jquery.js HTTP/1.1" 200 95992
[20/Jul/2015 13:47:43]"GET /app/index HTTP/1.1" 200 4024
[20/Jul/2015 13:48:42]"GET /app/index HTTP/1.1" 200 4024
Traceback (most recent call last):
  File "/usr/lib64/python2.7/SocketServer.py", line 593, in process_request_thread
    self.finish_request(request, client_address)
  File "/usr/lib64/python2.7/SocketServer.py", line 334, in finish_request
    self.RequestHandlerClass(request, client_address, self)
  File "/usr/lib/python2.7/site-packages/django/core/servers/basehttp.py", line 102, in __init__
[20/Jul/2015 17:59:10]"GET /app/index HTTP/1.1" 200 4024
    super(WSGIRequestHandler, self).__init__(*args, **kwargs)
  File "/usr/lib64/python2.7/SocketServer.py", line 649, in __init__
    self.handle()
  File "/usr/lib/python2.7/site-packages/django/core/servers/basehttp.py", line 167, in handle
    self.raw_requestline = self.rfile.readline(65537)
  File "/usr/lib64/python2.7/socket.py", line 476, in readline
    data = self._sock.recv(self._rbufsize)
error: [Errno 104] Connection reset by peer
[20/Jul/2015 17:59:10]"GET /static/app/starter-template.css HTTP/1.1" 200 96
[20/Jul/2015 17:59:10]"GET /static/app/main.css HTTP/1.1" 200 103
[20/Jul/2015 17:59:10]"GET /static/app/bootstrap.css HTTP/1.1" 200 122540
[20/Jul/2015 17:59:11]"GET /static/fonts/glyphicons-halflings-regular.eot? HTTP/1.1" 404 1730
[20/Jul/2015 17:59:11]"GET /assets/js/ie8-responsive-file-warning.js HTTP/1.1" 404 2137
[20/Jul/2015 17:59:11]"GET /static/app/ie-emulation-modes-warning.js HTTP/1.1" 200 2130
[20/Jul/2015 17:59:11]"GET /static/app/main.js HTTP/1.1" 200 1276
[20/Jul/2015 17:59:11]"GET /static/app/ie10-viewport-bug-workaround.js HTTP/1.1" 200 641
[20/Jul/2015 17:59:11]"GET /static/app/area.js HTTP/1.1" 200 43300
[20/Jul/2015 17:59:11]"GET /static/app/bootstrap.js HTTP/1.1" 200 36816
[20/Jul/2015 17:59:12]"GET /static/app/jquery.js HTTP/1.1" 200 95992
[20/Jul/2015 17:59:12]"GET /static/app/gongxi.png HTTP/1.1" 200 46268
[20/Jul/2015 17:59:13]"GET /favicon.ico HTTP/1.1" 404 2050
[20/Jul/2015 18:35:47]"GET /app/index HTTP/1.1" 200 4024
[20/Jul/2015 18:35:47]"GET /static/app/bootstrap.css HTTP/1.1" 304 0
[20/Jul/2015 18:35:47]"GET /static/app/starter-template.css HTTP/1.1" 304 0
[20/Jul/2015 18:35:47]"GET /static/app/main.css HTTP/1.1" 304 0
[20/Jul/2015 18:35:47]"GET /static/fonts/glyphicons-halflings-regular.eot? HTTP/1.1" 404 1730
[20/Jul/2015 18:35:47]"GET /assets/js/ie8-responsive-file-warning.js HTTP/1.1" 404 2137
[20/Jul/2015 18:35:47]"GET /static/app/ie-emulation-modes-warning.js HTTP/1.1" 304 0
[20/Jul/2015 18:35:47]"GET /static/app/jquery.js HTTP/1.1" 304 0
[20/Jul/2015 18:35:47]"GET /static/app/main.js HTTP/1.1" 304 0
[20/Jul/2015 18:35:47]"GET /static/app/ie10-viewport-bug-workaround.js HTTP/1.1" 304 0
[20/Jul/2015 18:35:47]"GET /static/app/area.js HTTP/1.1" 304 0
[20/Jul/2015 18:35:47]"GET /static/app/bootstrap.js HTTP/1.1" 304 0
[20/Jul/2015 18:35:48]"GET /static/app/gongxi.png HTTP/1.1" 304 0
[20/Jul/2015 18:36:31]"GET /app/index HTTP/1.1" 200 4024
[20/Jul/2015 18:36:32]"GET /static/app/starter-template.css HTTP/1.1" 304 0
[20/Jul/2015 18:36:32]"GET /static/app/main.css HTTP/1.1" 304 0
[20/Jul/2015 18:36:32]"GET /static/app/bootstrap.css HTTP/1.1" 304 0
[20/Jul/2015 18:36:32]"GET /static/fonts/glyphicons-halflings-regular.eot? HTTP/1.1" 404 1730
[20/Jul/2015 18:36:32]"GET /assets/js/ie8-responsive-file-warning.js HTTP/1.1" 404 2137
[20/Jul/2015 18:36:32]"GET /static/app/ie-emulation-modes-warning.js HTTP/1.1" 304 0
[20/Jul/2015 18:36:32]"GET /static/app/area.js HTTP/1.1" 304 0
[20/Jul/2015 18:36:32]"GET /static/app/jquery.js HTTP/1.1" 304 0
[20/Jul/2015 18:36:32]"GET /static/app/main.js HTTP/1.1" 304 0
[20/Jul/2015 18:36:32]"GET /static/app/ie10-viewport-bug-workaround.js HTTP/1.1" 304 0
[20/Jul/2015 18:36:32]"GET /static/app/bootstrap.js HTTP/1.1" 304 0
[20/Jul/2015 18:36:32]"GET /static/app/gongxi.png HTTP/1.1" 304 0
[20/Jul/2015 18:36:32]"GET /favicon.ico HTTP/1.1" 404 2050
[21/Jul/2015 02:26:22]"GET /app/index HTTP/1.1" 200 4024
[21/Jul/2015 02:26:24]"GET /static/app/bootstrap.css HTTP/1.1" 304 0
[21/Jul/2015 02:26:24]"GET /static/app/main.css HTTP/1.1" 304 0
[21/Jul/2015 02:26:25]"GET /static/app/starter-template.css HTTP/1.1" 304 0
[21/Jul/2015 02:26:25]"GET /static/app/ie-emulation-modes-warning.js HTTP/1.1" 304 0
[21/Jul/2015 02:26:27]"GET /static/app/area.js HTTP/1.1" 304 0
[21/Jul/2015 02:26:27]"GET /static/app/main.js HTTP/1.1" 304 0
[21/Jul/2015 02:26:27]"GET /static/app/ie10-viewport-bug-workaround.js HTTP/1.1" 304 0
[21/Jul/2015 02:26:27]"GET /static/app/bootstrap.js HTTP/1.1" 304 0
[21/Jul/2015 02:26:28]"GET /static/app/jquery.js HTTP/1.1" 304 0
[21/Jul/2015 02:26:29]"GET /static/app/gongxi.png HTTP/1.1" 304 0
[21/Jul/2015 02:27:30]"GET /app/index HTTP/1.1" 200 4024
[21/Jul/2015 02:27:48]"GET /app/index HTTP/1.0" 200 4024
[21/Jul/2015 02:27:49]"GET /static/app/starter-template.css HTTP/1.0" 200 96
[21/Jul/2015 02:27:49]"GET /static/app/main.css HTTP/1.0" 200 103
[21/Jul/2015 02:27:49]"GET /static/app/bootstrap.css HTTP/1.0" 200 122540
[21/Jul/2015 02:28:18]"GET /app/index HTTP/1.0" 200 4024
[21/Jul/2015 02:28:19]"GET /app/index?from=timeline&isappinstalled=1 HTTP/1.1" 200 4024
[21/Jul/2015 02:28:22]"GET /app/index?from=timeline&isappinstalled=1&nsukey=J%2FgnKAPb64aKVSEiBeR3I%2BF%2Biaz3nDVBp3Kz9q6FWQ2HK4Ciz4XAblvSGMzwA4h6Lmc4Lvf%2FIhKu3Ce0Wivrmg%3D%3D HTTP/1.1" 200 4024
[21/Jul/2015 02:28:22]"GET /static/app/main.css HTTP/1.1" 200 103
[21/Jul/2015 02:28:22]"GET /static/app/ie-emulation-modes-warning.js HTTP/1.1" 200 2130
[21/Jul/2015 02:28:22]"GET /static/app/starter-template.css HTTP/1.1" 200 96
[21/Jul/2015 02:28:23]"GET /static/app/main.js HTTP/1.1" 200 1276
[21/Jul/2015 02:28:23]"GET /static/app/ie10-viewport-bug-workaround.js HTTP/1.1" 200 641
[21/Jul/2015 02:28:23]"GET /static/app/area.js HTTP/1.1" 200 43300
[21/Jul/2015 02:28:23]"GET /static/app/bootstrap.js HTTP/1.1" 200 36816
[21/Jul/2015 02:28:23]"GET /static/app/jquery.js HTTP/1.1" 200 95992
[21/Jul/2015 02:28:24]"GET /static/app/bootstrap.css HTTP/1.1" 200 122540
[21/Jul/2015 02:28:25]"GET /static/app/gongxi.png HTTP/1.1" 200 46268
[21/Jul/2015 02:28:27]"GET /static/app/main.css HTTP/1.1" 200 103
[21/Jul/2015 02:28:27]"GET /static/app/starter-template.css HTTP/1.1" 200 96
[21/Jul/2015 02:28:28]"GET /static/app/gongxi.png HTTP/1.1" 200 46268
[21/Jul/2015 02:28:28]"GET /static/app/bootstrap.css HTTP/1.1" 200 122540
[21/Jul/2015 02:29:47]"GET /app/index?from=timeline&isappinstalled=1&nsukey=J%2FgnKAPb64aKVSEiBeR3I%2BF%2Biaz3nDVBp3Kz9q6FWQ2HK4Ciz4XAblvSGMzwA4h6PtIRN%2F9Ewgxx1yYVXHKg0g%3D%3D HTTP/1.1" 200 4024
[21/Jul/2015 02:29:47]"GET /static/app/gongxi.png HTTP/1.1" 200 46268
[21/Jul/2015 02:29:56]"GET /app/index?from=timeline&isappinstalled=1 HTTP/1.1" 200 4024
[21/Jul/2015 02:29:56]"GET /static/app/main.css HTTP/1.1" 200 103
[21/Jul/2015 02:29:56]"GET /static/app/starter-template.css HTTP/1.1" 200 96
[21/Jul/2015 02:29:56]"GET /static/app/ie-emulation-modes-warning.js HTTP/1.1" 200 2130
[21/Jul/2015 02:29:57]"GET /static/app/main.js HTTP/1.1" 200 1276
[21/Jul/2015 02:29:57]"GET /static/app/ie10-viewport-bug-workaround.js HTTP/1.1" 200 641
[21/Jul/2015 02:29:57]"GET /static/app/bootstrap.css HTTP/1.1" 200 122540
[21/Jul/2015 02:29:57]"GET /static/app/area.js HTTP/1.1" 200 43300
[21/Jul/2015 02:29:57]"GET /static/app/bootstrap.js HTTP/1.1" 200 36816
[21/Jul/2015 02:29:58]"GET /static/app/gongxi.png HTTP/1.1" 200 46268
[21/Jul/2015 02:29:58]"GET /static/app/jquery.js HTTP/1.1" 200 95992
[21/Jul/2015 02:30:22]"GET /app/index?from=timeline&isappinstalled=1 HTTP/1.1" 200 4024
[21/Jul/2015 02:30:23]"GET /static/app/main.css HTTP/1.1" 200 103
[21/Jul/2015 02:30:23]"GET /static/app/starter-template.css HTTP/1.1" 200 96
[21/Jul/2015 02:30:23]"GET /static/app/ie-emulation-modes-warning.js HTTP/1.1" 200 2130
[21/Jul/2015 02:30:23]"GET /static/app/main.js HTTP/1.1" 200 1276
[21/Jul/2015 02:30:23]"GET /static/app/bootstrap.css HTTP/1.1" 200 122540
[21/Jul/2015 02:30:24]"GET /static/app/area.js HTTP/1.1" 200 43300
[21/Jul/2015 02:30:24]"GET /static/app/ie10-viewport-bug-workaround.js HTTP/1.1" 200 641
[21/Jul/2015 02:30:24]"GET /static/app/jquery.js HTTP/1.1" 200 95992
[21/Jul/2015 02:30:24]"GET /static/app/bootstrap.js HTTP/1.1" 200 36816
[21/Jul/2015 02:30:29]"GET /static/app/gongxi.png HTTP/1.1" 200 46268
[21/Jul/2015 02:30:41]"GET /app/index?from=timeline&isappinstalled=1&nsukey=J%2FgnKAPb64aKVSEiBeR3I%2BF%2Biaz3nDVBp3Kz9q6FWQ3ioPM7rMtbgOcASYA%2FVa4lG7Re%2BiyIKoKaoOzmJPxzLA%3D%3D HTTP/1.1" 200 4024
[21/Jul/2015 02:30:41]"GET /static/app/gongxi.png HTTP/1.1" 200 46268
[21/Jul/2015 02:30:42]"GET /static/app/main.css HTTP/1.1" 200 103
[21/Jul/2015 02:30:42]"GET /static/app/starter-template.css HTTP/1.1" 200 96
[21/Jul/2015 02:30:42]"GET /static/app/gongxi.png HTTP/1.1" 200 46268
[21/Jul/2015 02:30:42]"GET /static/app/bootstrap.css HTTP/1.1" 200 122540
[21/Jul/2015 02:31:53]"GET /app/index?from=timeline&isappinstalled=1 HTTP/1.1" 200 4024
[21/Jul/2015 02:31:53]"GET /static/app/main.css HTTP/1.1" 200 103
[21/Jul/2015 02:31:53]"GET /static/app/ie-emulation-modes-warning.js HTTP/1.1" 200 2130
[21/Jul/2015 02:31:53]"GET /static/app/starter-template.css HTTP/1.1" 200 96
[21/Jul/2015 02:31:53]"GET /static/app/main.js HTTP/1.1" 200 1276
[21/Jul/2015 02:31:53]"GET /static/app/area.js HTTP/1.1" 200 43300
[21/Jul/2015 02:31:54]"GET /static/app/ie10-viewport-bug-workaround.js HTTP/1.1" 200 641
[21/Jul/2015 02:31:54]"GET /static/app/bootstrap.css HTTP/1.1" 200 122540
[21/Jul/2015 02:31:54]"GET /static/app/jquery.js HTTP/1.1" 200 95992
[21/Jul/2015 02:31:55]"GET /static/app/bootstrap.js HTTP/1.1" 200 36816
[21/Jul/2015 02:31:56]"GET /static/app/gongxi.png HTTP/1.1" 200 46268
[21/Jul/2015 02:35:24]"GET /app/index?from=timeline&isappinstalled=1 HTTP/1.1" 200 4024
[21/Jul/2015 02:35:24]"GET /static/app/main.css HTTP/1.1" 200 103
[21/Jul/2015 02:35:24]"GET /static/app/starter-template.css HTTP/1.1" 200 96
[21/Jul/2015 02:35:24]"GET /static/app/ie-emulation-modes-warning.js HTTP/1.1" 200 2130
[21/Jul/2015 02:35:24]"GET /static/app/main.js HTTP/1.1" 200 1276
[21/Jul/2015 02:35:25]"GET /static/app/area.js HTTP/1.1" 200 43300
[21/Jul/2015 02:35:25]"GET /static/app/ie10-viewport-bug-workaround.js HTTP/1.1" 200 641
[21/Jul/2015 02:35:25]"GET /static/app/jquery.js HTTP/1.1" 200 95992
[21/Jul/2015 02:35:25]"GET /static/app/bootstrap.css HTTP/1.1" 200 122540
[21/Jul/2015 02:35:26]"GET /static/app/bootstrap.js HTTP/1.1" 200 36816
[21/Jul/2015 02:35:27]"GET /static/app/gongxi.png HTTP/1.1" 200 46268
[21/Jul/2015 02:36:07]"GET /app/index?from=timeline&isappinstalled=1 HTTP/1.1" 200 4024
[21/Jul/2015 02:36:07]"GET /static/app/ie-emulation-modes-warning.js HTTP/1.1" 200 2130
[21/Jul/2015 02:36:07]"GET /static/app/main.css HTTP/1.1" 200 103
[21/Jul/2015 02:36:07]"GET /static/app/starter-template.css HTTP/1.1" 200 96
[21/Jul/2015 02:36:07]"GET /static/app/area.js HTTP/1.1" 200 43300
[21/Jul/2015 02:36:07]"GET /static/app/gongxi.png HTTP/1.1" 200 46268
[21/Jul/2015 02:36:08]"GET /static/app/main.js HTTP/1.1" 200 1276
[21/Jul/2015 02:36:08]"GET /static/app/ie10-viewport-bug-workaround.js HTTP/1.1" 200 641
[21/Jul/2015 02:36:08]"GET /static/app/bootstrap.css HTTP/1.1" 200 122540
[21/Jul/2015 02:36:08]"GET /static/app/bootstrap.js HTTP/1.1" 200 36816
[21/Jul/2015 02:36:09]"GET /static/app/jquery.js HTTP/1.1" 200 95992
[21/Jul/2015 02:36:28]"GET /static/app/ie-emulation-modes-warning.js HTTP/1.1" 200 2130
[21/Jul/2015 02:36:28]"GET //cdn.bootcss.com/html5shiv/3.7.2/html5shiv.min.js HTTP/1.1" 404 2164
[21/Jul/2015 02:36:28]"GET /assets/js/ie8-responsive-file-warning.js HTTP/1.1" 404 2137
[21/Jul/2015 02:36:28]"GET /static/app/main.js HTTP/1.1" 200 1276
[21/Jul/2015 02:36:28]"GET /static/app/ie10-viewport-bug-workaround.js HTTP/1.1" 200 641
[21/Jul/2015 02:36:28]"GET //cdn.bootcss.com/respond.js/1.4.2/respond.min.js HTTP/1.1" 404 2161
[21/Jul/2015 02:36:28]"GET /static/app/bootstrap.js HTTP/1.1" 200 36816
[21/Jul/2015 02:36:29]"GET /static/app/area.js HTTP/1.1" 200 43300
[21/Jul/2015 02:36:29]"GET /static/app/jquery.js HTTP/1.1" 200 95992
[21/Jul/2015 02:37:20]"GET /app/index?from=timeline&isappinstalled=1 HTTP/1.1" 200 4024
[21/Jul/2015 02:37:21]"GET /static/app/main.css HTTP/1.1" 200 103
[21/Jul/2015 02:37:21]"GET /static/app/starter-template.css HTTP/1.1" 200 96
[21/Jul/2015 02:37:21]"GET /static/app/ie-emulation-modes-warning.js HTTP/1.1" 200 2130
[21/Jul/2015 02:37:22]"GET /static/app/bootstrap.css HTTP/1.1" 200 122540
[21/Jul/2015 02:37:22]"GET /static/app/main.js HTTP/1.1" 200 1276
[21/Jul/2015 02:37:22]"GET /static/app/ie10-viewport-bug-workaround.js HTTP/1.1" 200 641
[21/Jul/2015 02:37:23]"GET /static/app/area.js HTTP/1.1" 200 43300
[21/Jul/2015 02:37:24]"GET /static/app/bootstrap.js HTTP/1.1" 200 36816
[21/Jul/2015 02:37:27]"GET /static/app/jquery.js HTTP/1.1" 200 95992
[21/Jul/2015 02:37:31]"GET /static/app/gongxi.png HTTP/1.1" 200 46268
[21/Jul/2015 02:41:52]"GET /app/index?from=timeline&isappinstalled=1&nsukey=J%2FgnKAPb64aKVSEiBeR3I%2BF%2Biaz3nDVBp3Kz9q6FWQ2HK4Ciz4XAblvSGMzwA4h6Lmc4Lvf%2FIhKu3Ce0Wivrmg%3D%3D HTTP/1.1" 200 4024
[21/Jul/2015 02:43:17]"GET /app/index?from=timeline&isappinstalled=1&nsukey=J%2FgnKAPb64aKVSEiBeR3I%2BF%2Biaz3nDVBp3Kz9q6FWQ2HK4Ciz4XAblvSGMzwA4h6PtIRN%2F9Ewgxx1yYVXHKg0g%3D%3D HTTP/1.1" 200 4024
[21/Jul/2015 02:43:54]"GET /app/index?from=timeline&isappinstalled=1&nsukey=J%2FgnKAPb64aKVSEiBeR3I%2BF%2Biaz3nDVBp3Kz9q6FWQ2zc20yw6h5rDdeTxLsjsRn6bw%2FqR0Rs9o8FpJ6IqsKSQ%3D%3D HTTP/1.1" 200 4024
[21/Jul/2015 02:43:54]"GET /static/app/gongxi.png HTTP/1.1" 200 46268
[21/Jul/2015 02:43:54]"GET /static/app/main.css HTTP/1.1" 200 103
[21/Jul/2015 02:43:54]"GET /static/app/starter-template.css HTTP/1.1" 200 96
[21/Jul/2015 02:43:55]"GET /static/app/bootstrap.css HTTP/1.1" 200 122540
[21/Jul/2015 02:43:55]"GET /static/app/gongxi.png HTTP/1.1" 200 46268
[21/Jul/2015 02:44:22]"GET /app/index?from=timeline&isappinstalled=1&nsukey=J%2FgnKAPb64aKVSEiBeR3I%2BF%2Biaz3nDVBp3Kz9q6FWQ3ioPM7rMtbgOcASYA%2FVa4lG7Re%2BiyIKoKaoOzmJPxzLA%3D%3D HTTP/1.1" 200 4024
[21/Jul/2015 02:48:57]"GET /app/index?from=timeline&isappinstalled=1 HTTP/1.1" 200 4024
[21/Jul/2015 02:48:58]"GET /static/app/main.css HTTP/1.1" 200 103
[21/Jul/2015 02:48:58]"GET /static/app/starter-template.css HTTP/1.1" 200 96
[21/Jul/2015 02:48:58]"GET /static/app/ie-emulation-modes-warning.js HTTP/1.1" 200 2130
[21/Jul/2015 02:48:59]"GET /static/app/main.js HTTP/1.1" 200 1276
[21/Jul/2015 02:48:59]"GET /static/app/area.js HTTP/1.1" 200 43300
[21/Jul/2015 02:49:00]"GET /static/app/ie10-viewport-bug-workaround.js HTTP/1.1" 200 641
[21/Jul/2015 02:49:00]"GET /static/app/bootstrap.js HTTP/1.1" 200 36816
[21/Jul/2015 02:49:01]"GET /static/app/bootstrap.css HTTP/1.1" 200 122540
[21/Jul/2015 02:49:05]"GET /static/app/jquery.js HTTP/1.1" 200 95992
[21/Jul/2015 02:49:10]"GET /static/app/gongxi.png HTTP/1.1" 200 46268
[21/Jul/2015 02:51:19]"GET /static/app/ie-emulation-modes-warning.js HTTP/1.1" 200 2130
[21/Jul/2015 02:51:19]"GET /assets/js/ie8-responsive-file-warning.js HTTP/1.1" 404 2137
[21/Jul/2015 02:51:19]"GET //cdn.bootcss.com/respond.js/1.4.2/respond.min.js HTTP/1.1" 404 2161
[21/Jul/2015 02:51:19]"GET /static/app/main.js HTTP/1.1" 200 1276
[21/Jul/2015 02:51:19]"GET //cdn.bootcss.com/html5shiv/3.7.2/html5shiv.min.js HTTP/1.1" 404 2164
[21/Jul/2015 02:51:19]"GET /static/app/ie10-viewport-bug-workaround.js HTTP/1.1" 200 641
[21/Jul/2015 02:51:19]"GET /static/app/area.js HTTP/1.1" 200 43300
[21/Jul/2015 02:51:19]"GET /static/app/bootstrap.js HTTP/1.1" 200 36816
[21/Jul/2015 02:51:20]"GET /static/app/jquery.js HTTP/1.1" 200 95992
[21/Jul/2015 02:54:51]"GET /app/index?from=timeline&isappinstalled=1&nsukey=J%2FgnKAPb64aKVSEiBeR3I%2BF%2Biaz3nDVBp3Kz9q6FWQ2zc20yw6h5rDdeTxLsjsRnNJ%2BGm8eYziZX3GJC4avD%2Bw%3D%3D HTTP/1.1" 200 4024
[21/Jul/2015 02:54:51]"GET /static/app/gongxi.png HTTP/1.1" 200 46268
[21/Jul/2015 02:57:24]"GET /app/index?from=timeline&isappinstalled=1&nsukey=J%2FgnKAPb64aKVSEiBeR3I%2BF%2Biaz3nDVBp3Kz9q6FWQ2zc20yw6h5rDdeTxLsjsRn6bw%2FqR0Rs9o8FpJ6IqsKSQ%3D%3D HTTP/1.1" 200 4024
[21/Jul/2015 02:57:24]"GET /app/index?from=timeline&isappinstalled=1&nsukey=J%2FgnKAPb64aKVSEiBeR3I%2BF%2Biaz3nDVBp3Kz9q6FWQ3ympX05E9Erb0HFzBLsV5Gdkilo6MXB7%2B7%2B9ZgSY2zYQ%3D%3D HTTP/1.1" 200 4024
[21/Jul/2015 02:57:25]"GET /static/app/gongxi.png HTTP/1.1" 200 46268
[21/Jul/2015 02:57:25]"GET /static/app/main.css HTTP/1.1" 200 103
[21/Jul/2015 02:57:25]"GET /static/app/starter-template.css HTTP/1.1" 200 96
[21/Jul/2015 02:57:25]"GET /static/app/gongxi.png HTTP/1.1" 200 46268
[21/Jul/2015 02:57:25]"GET /static/app/bootstrap.css HTTP/1.1" 200 122540
[21/Jul/2015 03:03:47]"GET /app/index?from=timeline&isappinstalled=1&nsukey=J%2FgnKAPb64aKVSEiBeR3I%2BF%2Biaz3nDVBp3Kz9q6FWQ2nfFrQ7F5h9EISQsxN%2BvmSeCKj3lTViA63TfyozzZVBQ%3D%3D HTTP/1.1" 200 4024
[21/Jul/2015 03:03:47]"GET /static/app/gongxi.png HTTP/1.1" 200 46268
[21/Jul/2015 03:03:48]"GET /static/app/main.css HTTP/1.1" 200 103
[21/Jul/2015 03:03:48]"GET /static/app/starter-template.css HTTP/1.1" 200 96
[21/Jul/2015 03:03:48]"GET /static/app/gongxi.png HTTP/1.1" 200 46268
[21/Jul/2015 03:03:48]"GET /static/app/bootstrap.css HTTP/1.1" 200 122540
[21/Jul/2015 03:08:21]"GET /app/index?from=timeline&isappinstalled=1&nsukey=J%2FgnKAPb64aKVSEiBeR3I%2BF%2Biaz3nDVBp3Kz9q6FWQ2zc20yw6h5rDdeTxLsjsRnNJ%2BGm8eYziZX3GJC4avD%2Bw%3D%3D HTTP/1.1" 200 4024
[21/Jul/2015 03:09:06]"GET //cdn.bootcss.com/html5shiv/3.7.2/html5shiv.min.js HTTP/1.1" 404 2164
[21/Jul/2015 03:09:06]"GET /static/app/ie-emulation-modes-warning.js HTTP/1.1" 200 2130
[21/Jul/2015 03:09:06]"GET /assets/js/ie8-responsive-file-warning.js HTTP/1.1" 404 2137
[21/Jul/2015 03:09:06]"GET /static/app/main.js HTTP/1.1" 200 1276
[21/Jul/2015 03:09:06]"GET /static/app/ie10-viewport-bug-workaround.js HTTP/1.1" 200 641
[21/Jul/2015 03:09:06]"GET //cdn.bootcss.com/respond.js/1.4.2/respond.min.js HTTP/1.1" 404 2161
[21/Jul/2015 03:09:06]"GET /static/app/bootstrap.js HTTP/1.1" 200 36816
[21/Jul/2015 03:09:06]"GET /static/app/area.js HTTP/1.1" 200 43300
[21/Jul/2015 03:09:07]"GET /static/app/jquery.js HTTP/1.1" 200 95992
[21/Jul/2015 03:10:56]"GET /app/index?from=timeline&isappinstalled=1&nsukey=J%2FgnKAPb64aKVSEiBeR3I%2BF%2Biaz3nDVBp3Kz9q6FWQ3ympX05E9Erb0HFzBLsV5Gdkilo6MXB7%2B7%2B9ZgSY2zYQ%3D%3D HTTP/1.1" 200 4024
[21/Jul/2015 03:10:56]"GET /app/index?from=timeline&isappinstalled=1&nsukey=J%2FgnKAPb64aKVSEiBeR3I%2BF%2Biaz3nDVBp3Kz9q6FWQ3ympX05E9Erb0HFzBLsV5Gdkilo6MXB7%2B7%2B9ZgSY2zYQ%3D%3D HTTP/1.1" 200 4024
[21/Jul/2015 03:10:56]"GET /static/app/gongxi.png HTTP/1.1" 200 46268
[21/Jul/2015 03:18:25]"GET /app/index?from=timeline&isappinstalled=1 HTTP/1.1" 200 4024
[21/Jul/2015 03:18:26]"GET /static/app/starter-template.css HTTP/1.1" 200 96
[21/Jul/2015 03:18:26]"GET /static/app/main.css HTTP/1.1" 200 103
[21/Jul/2015 03:18:26]"GET /static/app/ie10-viewport-bug-workaround.js HTTP/1.1" 200 641
[21/Jul/2015 03:18:26]"GET /static/app/main.js HTTP/1.1" 200 1276
[21/Jul/2015 03:18:26]"GET /static/app/ie-emulation-modes-warning.js HTTP/1.1" 200 2130
[21/Jul/2015 03:18:26]"GET /static/app/bootstrap.css HTTP/1.1" 200 122540
[21/Jul/2015 03:18:26]"GET /static/app/area.js HTTP/1.1" 200 43300
[21/Jul/2015 03:18:26]"GET /static/app/bootstrap.js HTTP/1.1" 200 36816
[21/Jul/2015 03:18:27]"GET /static/app/jquery.js HTTP/1.1" 200 95992
[21/Jul/2015 03:18:28]"GET /static/app/gongxi.png HTTP/1.1" 200 46268
[21/Jul/2015 03:20:29]"GET /app/index?from=timeline&isappinstalled=1 HTTP/1.1" 200 4024
[21/Jul/2015 03:20:30]"GET /static/app/main.css HTTP/1.1" 200 103
[21/Jul/2015 03:20:30]"GET /static/app/starter-template.css HTTP/1.1" 200 96
[21/Jul/2015 03:20:30]"GET /static/app/ie-emulation-modes-warning.js HTTP/1.1" 200 2130
[21/Jul/2015 03:20:30]"GET /static/app/main.js HTTP/1.1" 200 1276
[21/Jul/2015 03:20:30]"GET /static/app/area.js HTTP/1.1" 200 43300
[21/Jul/2015 03:20:30]"GET /static/app/ie10-viewport-bug-workaround.js HTTP/1.1" 200 641
[21/Jul/2015 03:20:31]"GET /static/app/jquery.js HTTP/1.1" 200 95992
[21/Jul/2015 03:20:31]"GET /static/app/bootstrap.css HTTP/1.1" 200 122540
[21/Jul/2015 03:20:31]"GET /static/app/bootstrap.js HTTP/1.1" 200 36816
[21/Jul/2015 03:20:32]"GET /static/app/gongxi.png HTTP/1.1" 200 46268
[21/Jul/2015 03:23:10]"GET /static/app/ie-emulation-modes-warning.js HTTP/1.1" 200 2130
[21/Jul/2015 03:23:10]"GET //cdn.bootcss.com/respond.js/1.4.2/respond.min.js HTTP/1.1" 404 2161
[21/Jul/2015 03:23:10]"GET /static/app/main.js HTTP/1.1" 200 1276
[21/Jul/2015 03:23:10]"GET /static/app/bootstrap.js HTTP/1.1" 200 36816
[21/Jul/2015 03:23:10]"GET /assets/js/ie8-responsive-file-warning.js HTTP/1.1" 404 2137
[21/Jul/2015 03:23:10]"GET //cdn.bootcss.com/html5shiv/3.7.2/html5shiv.min.js HTTP/1.1" 404 2164
[21/Jul/2015 03:23:10]"GET /static/app/ie10-viewport-bug-workaround.js HTTP/1.1" 200 641
[21/Jul/2015 03:23:11]"GET /static/app/area.js HTTP/1.1" 200 43300
[21/Jul/2015 03:23:11]"GET /static/app/jquery.js HTTP/1.1" 200 95992
[21/Jul/2015 03:23:33]"GET /app/index?nsukey=WQW91gQI5Q8xiQLVh2kWHRfbaeqBCgsgf%2BgRi4qTKLhQTiQsMdougqF%2FUUV%2ByUVcQvHd0D%2F18qqQe2sB516SmA%3D%3D HTTP/1.1" 200 4024
[21/Jul/2015 03:23:33]"GET /static/app/gongxi.png HTTP/1.1" 200 46268
[21/Jul/2015 03:23:34]"GET /static/app/main.css HTTP/1.1" 200 103
[21/Jul/2015 03:23:34]"GET /static/app/starter-template.css HTTP/1.1" 200 96
[21/Jul/2015 03:23:34]"GET /static/app/bootstrap.css HTTP/1.1" 200 122540
[21/Jul/2015 03:23:34]"GET /static/app/gongxi.png HTTP/1.1" 200 46268
[21/Jul/2015 03:37:05]"GET /app/index?nsukey=WQW91gQI5Q8xiQLVh2kWHRfbaeqBCgsgf%2BgRi4qTKLhQTiQsMdougqF%2FUUV%2ByUVcQvHd0D%2F18qqQe2sB516SmA%3D%3D HTTP/1.1" 200 4024
[21/Jul/2015 03:45:32]"GET /app/index?from=timeline&isappinstalled=1&nsukey=J%2FgnKAPb64aKVSEiBeR3I%2BF%2Biaz3nDVBp3Kz9q6FWQ0n0PufX%2Bg55cSzSshRVNN0%2F8cPBCN989OftFfXG8yAjw%3D%3D HTTP/1.1" 200 4024
[21/Jul/2015 03:45:33]"GET /static/app/gongxi.png HTTP/1.1" 200 46268
[21/Jul/2015 03:45:34]"GET /static/app/main.css HTTP/1.1" 200 103
[21/Jul/2015 03:45:34]"GET /static/app/starter-template.css HTTP/1.1" 200 96
[21/Jul/2015 03:45:34]"GET /static/app/gongxi.png HTTP/1.1" 200 46268
[21/Jul/2015 03:45:35]"GET /static/app/bootstrap.css HTTP/1.1" 200 122540
[21/Jul/2015 03:52:14]"GET /assets/js/ie8-responsive-file-warning.js HTTP/1.1" 404 2137
[21/Jul/2015 03:52:14]"GET /static/app/ie-emulation-modes-warning.js HTTP/1.1" 200 2130
[21/Jul/2015 03:52:14]"GET //cdn.bootcss.com/html5shiv/3.7.2/html5shiv.min.js HTTP/1.1" 404 2164
[21/Jul/2015 03:52:14]"GET /static/app/main.js HTTP/1.1" 200 1276
[21/Jul/2015 03:52:14]"GET /static/app/ie10-viewport-bug-workaround.js HTTP/1.1" 200 641
[21/Jul/2015 03:52:14]"GET //cdn.bootcss.com/respond.js/1.4.2/respond.min.js HTTP/1.1" 404 2161
[21/Jul/2015 03:52:15]"GET /static/app/area.js HTTP/1.1" 200 43300
[21/Jul/2015 03:52:15]"GET /static/app/bootstrap.js HTTP/1.1" 200 36816
[21/Jul/2015 03:52:15]"GET /static/app/jquery.js HTTP/1.1" 200 95992
[21/Jul/2015 03:53:20]"GET //cdn.bootcss.com/respond.js/1.4.2/respond.min.js HTTP/1.1" 404 2161
[21/Jul/2015 03:53:20]"GET /static/app/ie-emulation-modes-warning.js HTTP/1.1" 200 2130
[21/Jul/2015 03:53:20]"GET /static/app/main.js HTTP/1.1" 200 1276
[21/Jul/2015 03:53:20]"GET /assets/js/ie8-responsive-file-warning.js HTTP/1.1" 404 2137
[21/Jul/2015 03:53:20]"GET //cdn.bootcss.com/html5shiv/3.7.2/html5shiv.min.js HTTP/1.1" 404 2164
[21/Jul/2015 03:53:20]"GET /static/app/ie10-viewport-bug-workaround.js HTTP/1.1" 200 641
[21/Jul/2015 03:53:20]"GET /static/app/bootstrap.js HTTP/1.1" 200 36816
[21/Jul/2015 03:53:21]"GET /static/app/area.js HTTP/1.1" 200 43300
[21/Jul/2015 03:53:21]"GET /static/app/jquery.js HTTP/1.1" 200 95992
[21/Jul/2015 03:59:02]"GET /app/index?from=timeline&isappinstalled=1&nsukey=J%2FgnKAPb64aKVSEiBeR3I%2BF%2Biaz3nDVBp3Kz9q6FWQ0n0PufX%2Bg55cSzSshRVNN0%2F8cPBCN989OftFfXG8yAjw%3D%3D HTTP/1.1" 200 4024
[21/Jul/2015 04:09:18]"GET /app/index HTTP/1.1" 200 4024
[21/Jul/2015 04:09:19]"GET /static/app/main.css HTTP/1.1" 304 0
[21/Jul/2015 04:09:19]"GET /static/app/ie-emulation-modes-warning.js HTTP/1.1" 304 0
[21/Jul/2015 04:09:19]"GET /static/app/area.js HTTP/1.1" 304 0
[21/Jul/2015 04:09:20]"GET /static/app/gongxi.png HTTP/1.1" 304 0
[21/Jul/2015 04:09:20]"GET /static/app/main.js HTTP/1.1" 304 0
[21/Jul/2015 04:11:55]"GET /app/index?from=timeline&isappinstalled=1 HTTP/1.1" 200 4024
[21/Jul/2015 04:11:55]"GET /static/app/main.css HTTP/1.1" 200 103
[21/Jul/2015 04:11:55]"GET /static/app/ie-emulation-modes-warning.js HTTP/1.1" 200 2130
[21/Jul/2015 04:11:55]"GET /static/app/starter-template.css HTTP/1.1" 200 96
[21/Jul/2015 04:11:55]"GET /static/app/gongxi.png HTTP/1.1" 200 46268
[21/Jul/2015 04:11:56]"GET /static/app/area.js HTTP/1.1" 200 43300
[21/Jul/2015 04:11:56]"GET /static/app/main.js HTTP/1.1" 200 1276
[21/Jul/2015 04:11:56]"GET /static/app/ie10-viewport-bug-workaround.js HTTP/1.1" 200 641
[21/Jul/2015 04:11:56]"GET /static/app/bootstrap.js HTTP/1.1" 200 36816
[21/Jul/2015 04:11:56]"GET /static/app/bootstrap.css HTTP/1.1" 200 122540
[21/Jul/2015 04:11:57]"GET /static/app/jquery.js HTTP/1.1" 200 95992
[21/Jul/2015 04:19:17]"GET /static/app/ie-emulation-modes-warning.js HTTP/1.1" 200 2130
[21/Jul/2015 04:19:17]"GET /static/app/ie10-viewport-bug-workaround.js HTTP/1.1" 200 641
[21/Jul/2015 04:19:17]"GET /assets/js/ie8-responsive-file-warning.js HTTP/1.1" 404 2137
[21/Jul/2015 04:19:17]"GET //cdn.bootcss.com/html5shiv/3.7.2/html5shiv.min.js HTTP/1.1" 404 2164
[21/Jul/2015 04:19:17]"GET /static/app/main.js HTTP/1.1" 200 1276
[21/Jul/2015 04:19:17]"GET //cdn.bootcss.com/respond.js/1.4.2/respond.min.js HTTP/1.1" 404 2161
[21/Jul/2015 04:19:17]"GET /static/app/bootstrap.js HTTP/1.1" 200 36816
[21/Jul/2015 04:19:18]"GET /static/app/area.js HTTP/1.1" 200 43300
[21/Jul/2015 04:19:18]"GET /static/app/jquery.js HTTP/1.1" 200 95992
[21/Jul/2015 04:24:23]"GET /app/index?from=timeline&isappinstalled=1 HTTP/1.1" 200 4024
[21/Jul/2015 04:24:23]"GET /static/app/starter-template.css HTTP/1.1" 200 96
[21/Jul/2015 04:24:23]"GET /static/app/main.css HTTP/1.1" 200 103
[21/Jul/2015 04:24:23]"GET /static/app/ie-emulation-modes-warning.js HTTP/1.1" 200 2130
[21/Jul/2015 04:24:23]"GET /static/app/main.js HTTP/1.1" 200 1276
[21/Jul/2015 04:24:23]"GET /static/app/area.js HTTP/1.1" 200 43300
[21/Jul/2015 04:24:24]"GET /static/app/ie10-viewport-bug-workaround.js HTTP/1.1" 200 641
[21/Jul/2015 04:24:24]"GET /static/app/jquery.js HTTP/1.1" 200 95992
[21/Jul/2015 04:24:25]"GET /static/app/bootstrap.css HTTP/1.1" 200 122540
[21/Jul/2015 04:24:25]"GET /static/app/bootstrap.js HTTP/1.1" 200 36816
[21/Jul/2015 04:24:25]"GET /static/app/gongxi.png HTTP/1.1" 200 46268
[21/Jul/2015 04:36:09]"GET /app/index?from=timeline&isappinstalled=1 HTTP/1.1" 200 4024
[21/Jul/2015 04:36:09]"GET /static/app/main.css HTTP/1.1" 200 103
[21/Jul/2015 04:36:09]"GET /static/app/ie-emulation-modes-warning.js HTTP/1.1" 200 2130
[21/Jul/2015 04:36:09]"GET /static/app/starter-template.css HTTP/1.1" 200 96
[21/Jul/2015 04:36:10]"GET /static/app/main.js HTTP/1.1" 200 1276
[21/Jul/2015 04:36:10]"GET /static/app/bootstrap.css HTTP/1.1" 200 122540
[21/Jul/2015 04:36:10]"GET /static/app/area.js HTTP/1.1" 200 43300
[21/Jul/2015 04:36:10]"GET /static/app/ie10-viewport-bug-workaround.js HTTP/1.1" 200 641
[21/Jul/2015 04:36:10]"GET /static/app/jquery.js HTTP/1.1" 200 95992
[21/Jul/2015 04:36:11]"GET /static/app/bootstrap.js HTTP/1.1" 200 36816
[21/Jul/2015 04:36:12]"GET /static/app/gongxi.png HTTP/1.1" 200 46268
[21/Jul/2015 05:04:31]"GET /app/index?from=timeline&isappinstalled=1 HTTP/1.1" 200 4024
[21/Jul/2015 05:04:31]"GET /static/app/main.css HTTP/1.1" 200 103
[21/Jul/2015 05:04:31]"GET /static/app/ie-emulation-modes-warning.js HTTP/1.1" 200 2130
[21/Jul/2015 05:04:31]"GET /static/app/starter-template.css HTTP/1.1" 200 96
[21/Jul/2015 05:04:31]"GET /static/app/main.js HTTP/1.1" 200 1276
[21/Jul/2015 05:04:31]"GET /static/app/ie10-viewport-bug-workaround.js HTTP/1.1" 200 641
[21/Jul/2015 05:04:31]"GET /static/app/area.js HTTP/1.1" 200 43300
[21/Jul/2015 05:04:32]"GET /static/app/bootstrap.css HTTP/1.1" 200 122540
[21/Jul/2015 05:04:33]"GET /static/app/gongxi.png HTTP/1.1" 200 46268
[21/Jul/2015 05:04:33]"GET /static/app/jquery.js HTTP/1.1" 200 95992
[21/Jul/2015 05:04:33]"GET /static/app/bootstrap.js HTTP/1.1" 200 36816
[21/Jul/2015 06:31:20]"GET /app/index?from=timeline&isappinstalled=1&nsukey=J%2FgnKAPb64aKVSEiBeR3I%2BF%2Biaz3nDVBp3Kz9q6FWQ3tNyfC7U8qYIhdjldia9xPiGzvVZLRVcSYdoJmoJ9SPw%3D%3D HTTP/1.1" 200 4024
[21/Jul/2015 06:31:20]"GET /app/index?from=timeline&isappinstalled=1&nsukey=J%2FgnKAPb64aKVSEiBeR3I%2BF%2Biaz3nDVBp3Kz9q6FWQ3tNyfC7U8qYIhdjldia9xPiGzvVZLRVcSYdoJmoJ9SPw%3D%3D HTTP/1.1" 200 4024
[21/Jul/2015 06:31:20]"GET /static/app/gongxi.png HTTP/1.1" 200 46268
[21/Jul/2015 06:31:21]"GET /static/app/ie-emulation-modes-warning.js HTTP/1.1" 200 2130
[21/Jul/2015 06:31:21]"GET /static/app/starter-template.css HTTP/1.1" 200 96
[21/Jul/2015 06:31:21]"GET /static/app/main.css HTTP/1.1" 200 103
[21/Jul/2015 06:31:21]"GET /static/app/main.js HTTP/1.1" 200 1276
[21/Jul/2015 06:31:21]"GET /static/app/jquery.js HTTP/1.1" 200 95992
[21/Jul/2015 06:31:21]"GET /static/app/area.js HTTP/1.1" 200 43300
[21/Jul/2015 06:31:21]"GET /static/app/ie10-viewport-bug-workaround.js HTTP/1.1" 200 641
[21/Jul/2015 06:31:21]"GET /static/app/bootstrap.css HTTP/1.1" 200 122540
[21/Jul/2015 06:31:22]"GET /static/app/starter-template.css HTTP/1.1" 200 96
[21/Jul/2015 06:31:22]"GET /static/app/main.css HTTP/1.1" 200 103
[21/Jul/2015 06:31:22]"GET /static/app/bootstrap.js HTTP/1.1" 200 36816
[21/Jul/2015 06:31:23]"GET /static/app/gongxi.png HTTP/1.1" 200 46268
[21/Jul/2015 06:31:23]"GET /static/app/bootstrap.css HTTP/1.1" 200 122540
[21/Jul/2015 06:31:24]"GET /static/app/gongxi.png HTTP/1.1" 200 46268
[21/Jul/2015 06:44:50]"GET /app/index?from=timeline&isappinstalled=1&nsukey=J%2FgnKAPb64aKVSEiBeR3I%2BF%2Biaz3nDVBp3Kz9q6FWQ3tNyfC7U8qYIhdjldia9xPiGzvVZLRVcSYdoJmoJ9SPw%3D%3D HTTP/1.1" 200 4024
[21/Jul/2015 07:10:26]"GET /assets/js/ie8-responsive-file-warning.js HTTP/1.1" 404 2137
[21/Jul/2015 07:10:26]"GET /static/app/ie-emulation-modes-warning.js HTTP/1.1" 200 2130
[21/Jul/2015 07:10:26]"GET //cdn.bootcss.com/html5shiv/3.7.2/html5shiv.min.js HTTP/1.1" 404 2164
[21/Jul/2015 07:10:26]"GET /static/app/main.js HTTP/1.1" 200 1276
[21/Jul/2015 07:10:26]"GET //cdn.bootcss.com/respond.js/1.4.2/respond.min.js HTTP/1.1" 404 2161
[21/Jul/2015 07:10:26]"GET /static/app/ie10-viewport-bug-workaround.js HTTP/1.1" 200 641
[21/Jul/2015 07:10:26]"GET /static/app/bootstrap.js HTTP/1.1" 200 36816
[21/Jul/2015 07:10:26]"GET /static/app/area.js HTTP/1.1" 200 43300
[21/Jul/2015 07:10:27]"GET /static/app/jquery.js HTTP/1.1" 200 95992
[21/Jul/2015 07:38:23]"GET /app/index?from=timeline&isappinstalled=1 HTTP/1.1" 200 4024
[21/Jul/2015 07:38:23]"GET /static/app/bootstrap.css HTTP/1.1" 304 0
[21/Jul/2015 07:38:23]"GET /static/app/main.css HTTP/1.1" 304 0
[21/Jul/2015 07:38:23]"GET /static/app/starter-template.css HTTP/1.1" 304 0
[21/Jul/2015 07:38:23]"GET /static/app/ie-emulation-modes-warning.js HTTP/1.1" 304 0
[21/Jul/2015 07:38:23]"GET /static/app/area.js HTTP/1.1" 304 0
[21/Jul/2015 07:38:23]"GET /static/app/bootstrap.js HTTP/1.1" 304 0
[21/Jul/2015 07:38:23]"GET /static/app/ie10-viewport-bug-workaround.js HTTP/1.1" 304 0
[21/Jul/2015 07:38:23]"GET /static/app/main.js HTTP/1.1" 304 0
[21/Jul/2015 07:38:23]"GET /static/app/jquery.js HTTP/1.1" 304 0
[21/Jul/2015 07:38:23]"GET /static/app/gongxi.png HTTP/1.1" 304 0
[21/Jul/2015 08:30:33]"GET /app/index HTTP/1.1" 200 4024
[21/Jul/2015 08:30:36]"GET /static/app/main.css HTTP/1.1" 200 103
[21/Jul/2015 08:30:36]"GET /static/app/starter-template.css HTTP/1.1" 200 96
[21/Jul/2015 08:30:36]"GET /static/app/ie-emulation-modes-warning.js HTTP/1.1" 200 2130
[21/Jul/2015 08:30:38]"GET /static/app/main.js HTTP/1.1" 200 1276
[21/Jul/2015 08:30:38]"GET /static/app/ie10-viewport-bug-workaround.js HTTP/1.1" 200 641
[21/Jul/2015 08:30:38]"GET /static/app/bootstrap.css HTTP/1.1" 200 122540
[21/Jul/2015 08:30:38]"GET /static/app/area.js HTTP/1.1" 200 43300
[21/Jul/2015 08:30:39]"GET /static/app/bootstrap.js HTTP/1.1" 200 36816
[21/Jul/2015 08:30:45]"GET /static/app/gongxi.png HTTP/1.1" 200 46268
[21/Jul/2015 08:30:45]"GET /static/app/jquery.js HTTP/1.1" 200 95992
[21/Jul/2015 09:15:55]"GET /app/index?from=timeline&isappinstalled=1&nsukey=J%2FgnKAPb64aKVSEiBeR3I%2BF%2Biaz3nDVBp3Kz9q6FWQ0B%2BCxQz7IDyDiuTDRkrqGXW0PtNRM%2F55ePI8XzJ%2FtJlg%3D%3D HTTP/1.1" 200 4024
[21/Jul/2015 09:15:55]"GET /static/app/gongxi.png HTTP/1.1" 200 46268
[21/Jul/2015 09:15:56]"GET /static/app/starter-template.css HTTP/1.1" 200 96
[21/Jul/2015 09:15:56]"GET /static/app/main.css HTTP/1.1" 200 103
[21/Jul/2015 09:15:56]"GET /static/app/gongxi.png HTTP/1.1" 200 46268
[21/Jul/2015 09:15:56]"GET /static/app/bootstrap.css HTTP/1.1" 200 122540
[21/Jul/2015 09:29:21]"GET /app/index?from=timeline&isappinstalled=1&nsukey=J%2FgnKAPb64aKVSEiBeR3I%2BF%2Biaz3nDVBp3Kz9q6FWQ0B%2BCxQz7IDyDiuTDRkrqGXW0PtNRM%2F55ePI8XzJ%2FtJlg%3D%3D HTTP/1.1" 200 4024
[21/Jul/2015 11:06:33]"GET /app/index?from=timeline&isappinstalled=1&nsukey=J%2FgnKAPb64aKVSEiBeR3I%2BF%2Biaz3nDVBp3Kz9q6FWQ3kullYuN%2FnLupZysrcB0R4KwWgyjf1ymsJ75my%2FEP5iA%3D%3D HTTP/1.1" 200 4024
[21/Jul/2015 11:06:33]"GET /app/index?from=timeline&isappinstalled=1&nsukey=J%2FgnKAPb64aKVSEiBeR3I%2BF%2Biaz3nDVBp3Kz9q6FWQ3kullYuN%2FnLupZysrcB0R4KwWgyjf1ymsJ75my%2FEP5iA%3D%3D HTTP/1.1" 200 4024
[21/Jul/2015 11:06:34]"GET /static/app/gongxi.png HTTP/1.1" 200 46268
[21/Jul/2015 11:06:34]"GET /static/app/main.css HTTP/1.1" 200 103
[21/Jul/2015 11:06:34]"GET /static/app/starter-template.css HTTP/1.1" 200 96
[21/Jul/2015 11:06:34]"GET /static/app/bootstrap.css HTTP/1.1" 200 122540
[21/Jul/2015 11:06:35]"GET /static/app/gongxi.png HTTP/1.1" 200 46268
[21/Jul/2015 11:50:10]"GET /static/app/bootstrap.js HTTP/1.1" 200 36816
[21/Jul/2015 11:50:10]"GET //cdn.bootcss.com/html5shiv/3.7.2/html5shiv.min.js HTTP/1.1" 404 2164
[21/Jul/2015 11:50:10]"GET /assets/js/ie8-responsive-file-warning.js HTTP/1.1" 404 2137
[21/Jul/2015 11:50:10]"GET /static/app/ie10-viewport-bug-workaround.js HTTP/1.1" 200 641
[21/Jul/2015 11:50:10]"GET /static/app/main.js HTTP/1.1" 200 1276
[21/Jul/2015 11:50:10]"GET /static/app/ie-emulation-modes-warning.js HTTP/1.1" 200 2130
[21/Jul/2015 11:50:10]"GET //cdn.bootcss.com/respond.js/1.4.2/respond.min.js HTTP/1.1" 404 2161
[21/Jul/2015 11:50:10]"GET /static/app/area.js HTTP/1.1" 200 43300
[21/Jul/2015 11:50:10]"GET /static/app/jquery.js HTTP/1.1" 200 95992
[21/Jul/2015 13:24:42]"GET /app/index HTTP/1.1" 200 4024
[21/Jul/2015 13:24:42]"GET /static/app/starter-template.css HTTP/1.1" 200 96
[21/Jul/2015 13:24:42]"GET /static/app/main.css HTTP/1.1" 200 103
[21/Jul/2015 13:24:43]"GET /static/app/bootstrap.css HTTP/1.1" 200 122540
[21/Jul/2015 13:24:43]"GET /static/fonts/glyphicons-halflings-regular.eot? HTTP/1.1" 404 1730
[21/Jul/2015 13:24:43]"GET /static/app/ie-emulation-modes-warning.js HTTP/1.1" 200 2130
[21/Jul/2015 13:24:43]"GET /assets/js/ie8-responsive-file-warning.js HTTP/1.1" 404 2137
[21/Jul/2015 13:24:43]"GET /static/app/main.js HTTP/1.1" 200 1276
[21/Jul/2015 13:24:43]"GET /static/app/ie10-viewport-bug-workaround.js HTTP/1.1" 200 641
[21/Jul/2015 13:24:43]"GET /static/app/area.js HTTP/1.1" 200 43300
[21/Jul/2015 13:24:44]"GET /static/app/bootstrap.js HTTP/1.1" 200 36816
[21/Jul/2015 13:24:44]"GET /static/app/jquery.js HTTP/1.1" 200 95992
[21/Jul/2015 13:24:45]"GET /static/app/gongxi.png HTTP/1.1" 200 46268
[21/Jul/2015 19:58:19]code 400, message Bad request syntax ('\x00')
[21/Jul/2015 19:58:19]" " 400 -
[21/Jul/2015 19:58:22]"GET http://httpheader.net HTTP/1.1" 404 1661
[21/Jul/2015 19:58:43]code 400, message Bad request syntax ('\x04\x01\x00P\xc0c\xf660\x00')
[21/Jul/2015 19:58:43]
[21/Jul/2015 19:59:05]code 400, message Bad request syntax ('\x05\x01\x00')
[21/Jul/2015 19:59:05]" " 400 -
[21/Jul/2015 21:30:01]"HEAD / HTTP/1.1" 404 0
[21/Jul/2015 21:30:01]"OPTIONS / HTTP/1.1" 404 2021
[21/Jul/2015 23:47:19]code 400, message Bad request syntax ('\x00')
[21/Jul/2015 23:47:19]" " 400 -
[21/Jul/2015 23:47:22]"GET http://httpheader.net HTTP/1.1" 404 1661
[21/Jul/2015 23:47:43]code 400, message Bad request syntax ('\x04\x01\x00P\xc0c\xf660\x00')
[21/Jul/2015 23:47:43]
[21/Jul/2015 23:48:03]code 400, message Bad request syntax ('\x05\x01\x00')
[21/Jul/2015 23:48:03]" " 400 -
[22/Jul/2015 13:17:44]"GET /app/index HTTP/1.1" 200 4024
[22/Jul/2015 13:17:46]"GET /app/index HTTP/1.1" 200 4024
[22/Jul/2015 13:17:46]"GET /static/app/main.css HTTP/1.1" 200 103
[22/Jul/2015 13:17:46]"GET /static/app/starter-template.css HTTP/1.1" 200 96
[22/Jul/2015 13:17:46]"GET /static/app/ie-emulation-modes-warning.js HTTP/1.1" 200 2130
[22/Jul/2015 13:17:46]"GET /static/app/ie10-viewport-bug-workaround.js HTTP/1.1" 200 641
[22/Jul/2015 13:17:46]"GET /static/app/main.js HTTP/1.1" 200 1276
[22/Jul/2015 13:17:46]"GET /static/app/bootstrap.css HTTP/1.1" 200 122540
[22/Jul/2015 13:17:46]"GET /static/app/area.js HTTP/1.1" 200 43300
[22/Jul/2015 13:17:47]"GET /static/app/bootstrap.js HTTP/1.1" 200 36816
[22/Jul/2015 13:17:48]"GET /static/app/gongxi.png HTTP/1.1" 200 46268
[22/Jul/2015 13:17:48]"GET /static/app/jquery.js HTTP/1.1" 200 95992
[22/Jul/2015 13:17:53]"GET /assets/js/ie8-responsive-file-warning.js HTTP/1.1" 404 2137
[22/Jul/2015 13:17:53]"GET /static/app/ie-emulation-modes-warning.js HTTP/1.1" 200 2130
[22/Jul/2015 13:17:53]"GET //cdn.bootcss.com/html5shiv/3.7.2/html5shiv.min.js HTTP/1.1" 404 2164
[22/Jul/2015 13:17:53]"GET //cdn.bootcss.com/respond.js/1.4.2/respond.min.js HTTP/1.1" 404 2161
[22/Jul/2015 13:17:53]"GET /static/app/main.js HTTP/1.1" 200 1276
[22/Jul/2015 13:17:53]"GET /static/app/ie10-viewport-bug-workaround.js HTTP/1.1" 200 641
[22/Jul/2015 13:17:53]"GET /static/app/bootstrap.js HTTP/1.1" 200 36816
[22/Jul/2015 13:17:54]"GET /static/app/area.js HTTP/1.1" 200 43300
[22/Jul/2015 13:17:54]"GET /static/app/jquery.js HTTP/1.1" 200 95992
[22/Jul/2015 13:18:20]"GET /app/index HTTP/1.1" 200 4024
[22/Jul/2015 13:20:53]"GET /app/index HTTP/1.1" 200 4024
[22/Jul/2015 13:20:53]"GET /assets/js/ie8-responsive-file-warning.js HTTP/1.1" 404 2137
[22/Jul/2015 14:09:29]"GET /app/index?from=timeline&isappinstalled=0&nsukey=3r%2FG9mGOibXQt8LiusfOSW8s3Pc2UkXRODl2tx%2FbH8A8fQXxGWVk3A96o2JwMvx8eFfUgL%2F29Vy2vgWr4u0lIA%3D%3D HTTP/1.1" 200 4024
[22/Jul/2015 14:09:29]"GET /static/app/ie-emulation-modes-warning.js HTTP/1.1" 200 2130
[22/Jul/2015 14:09:29]"GET /static/app/main.css HTTP/1.1" 200 103
[22/Jul/2015 14:09:29]"GET /static/app/starter-template.css HTTP/1.1" 200 96
[22/Jul/2015 14:09:30]"GET /static/app/main.js HTTP/1.1" 200 1276
[22/Jul/2015 14:09:30]"GET /static/app/ie10-viewport-bug-workaround.js HTTP/1.1" 200 641
[22/Jul/2015 14:09:30]"GET /static/app/area.js HTTP/1.1" 200 43300
[22/Jul/2015 14:09:30]"GET /static/app/bootstrap.js HTTP/1.1" 200 36816
[22/Jul/2015 14:09:30]"GET /static/app/jquery.js HTTP/1.1" 200 95992
[22/Jul/2015 14:09:31]"GET /static/app/bootstrap.css HTTP/1.1" 200 122540
[22/Jul/2015 14:09:32]"GET /static/app/gongxi.png HTTP/1.1" 200 46268
[22/Jul/2015 14:09:32]"GET /static/app/main.css HTTP/1.1" 200 103
[22/Jul/2015 14:09:33]"GET /static/app/bootstrap.css HTTP/1.1" 200 122540
[22/Jul/2015 14:09:33]"GET /static/app/starter-template.css HTTP/1.1" 200 96
[22/Jul/2015 14:09:33]"GET /static/app/gongxi.png HTTP/1.1" 200 46268
Traceback (most recent call last):
  File "/usr/lib64/python2.7/SocketServer.py", line 593, in process_request_thread
    self.finish_request(request, client_address)
  File "/usr/lib64/python2.7/SocketServer.py", line 334, in finish_request
    self.RequestHandlerClass(request, client_address, self)
  File "/usr/lib/python2.7/site-packages/django/core/servers/basehttp.py", line 102, in __init__
    super(WSGIRequestHandler, self).__init__(*args, **kwargs)
  File "/usr/lib64/python2.7/SocketServer.py", line 649, in __init__
    self.handle()
  File "/usr/lib/python2.7/site-packages/django/core/servers/basehttp.py", line 167, in handle
    self.raw_requestline = self.rfile.readline(65537)
  File "/usr/lib64/python2.7/socket.py", line 476, in readline
    data = self._sock.recv(self._rbufsize)
error: [Errno 104] Connection reset by peer
[23/Jul/2015 02:53:42]code 400, message Bad HTTP/0.9 request type ('\x16\x03\x01\x00\xf4\x01\x00\x00\xf0\x03\x03U\xb0Fm')
You're accessing the development server over HTTPS, but it only supports HTTP.
[23/Jul/2015 02:54:44]code 400, message Bad request syntax ('\x16\x03\x01\x00\xf4\x01\x00\x00\xf0\x03\x03U\xb0F\xab\x1b<\x83\xb3')
You're accessing the development server over HTTPS, but it only supports HTTP.
[23/Jul/2015 03:55:41]code 400, message Bad request syntax ('\x00')
[23/Jul/2015 03:55:41]" " 400 -
[23/Jul/2015 03:55:48]"GET http://httpheader.net HTTP/1.1" 404 1661
[23/Jul/2015 03:56:09]code 400, message Bad request syntax ('\x04\x01\x00P\xc0c\xf660\x00')
[23/Jul/2015 03:56:09]
[23/Jul/2015 03:56:30]code 400, message Bad request syntax ('\x05\x01\x00')
[23/Jul/2015 03:56:30]" " 400 -
Traceback (most recent call last):
  File "/usr/lib64/python2.7/SocketServer.py", line 593, in process_request_thread
    self.finish_request(request, client_address)
  File "/usr/lib64/python2.7/SocketServer.py", line 334, in finish_request
    self.RequestHandlerClass(request, client_address, self)
  File "/usr/lib/python2.7/site-packages/django/core/servers/basehttp.py", line 102, in __init__
    super(WSGIRequestHandler, self).__init__(*args, **kwargs)
  File "/usr/lib64/python2.7/SocketServer.py", line 649, in __init__
    self.handle()
  File "/usr/lib/python2.7/site-packages/django/core/servers/basehttp.py", line 167, in handle
    self.raw_requestline = self.rfile.readline(65537)
  File "/usr/lib64/python2.7/socket.py", line 476, in readline
    data = self._sock.recv(self._rbufsize)
error: [Errno 104] Connection reset by peer
[23/Jul/2015 04:47:30]"GET / HTTP/1.0" 404 2017
[23/Jul/2015 04:47:35]code 400, message Bad HTTP/0.9 request type ('l\x00')
[23/Jul/2015 04:47:35]"l          " 400 -
[23/Jul/2015 04:47:35]"GET /nice%20ports%2C/Tri%6Eity.txt%2ebak HTTP/1.0" 404 2100
[23/Jul/2015 04:47:35]"OPTIONS / HTTP/1.0" 404 2021
[23/Jul/2015 04:47:36]code 400, message Bad request version ('RTSP/1.0')
[23/Jul/2015 04:47:36]"OPTIONS / RTSP/1.0" 400 -
[23/Jul/2015 04:47:41]code 400, message Bad request syntax ('\x80\x00\x00(r\xfe\x1d\x13\x00\x00\x00\x00\x00\x00\x00\x02\x00\x01\x86\xa0\x00\x01\x97|\x00\x00\x00\x00\x00\x00\x00\x00\x00\x00\x00\x00\x00\x00\x00\x00\x00\x00\x00\x00')
[23/Jul/2015 04:47:41]
[23/Jul/2015 04:47:46]code 400, message Bad request syntax ('\x00\x1e\x00\x06\x01\x00\x00\x01\x00\x00\x00\x00\x00\x00\x07version\x04bind\x00\x00\x10\x00\x03')
[23/Jul/2015 04:47:46]"          versionbind   " 400 -
[23/Jul/2015 04:47:51]code 400, message Bad HTTP/0.9 request type ('\x00')
[23/Jul/2015 04:47:51]"            " 400 -
[23/Jul/2015 04:47:51]code 400, message Bad request syntax ('HELP')
[23/Jul/2015 04:47:51]"HELP" 400 -
[23/Jul/2015 04:47:51]code 400, message Bad request syntax ('\x16\x03\x00\x00S\x01\x00\x00O\x03\x00?G\xd7\xf7\xba,\xee\xea\xb2`~\xf3\x00\xfd\x82{\xb9\xd5\x96\xc8w\x9b\xe6\xc4\xdb<=\xdbo\xef\x10n\x00\x00(\x00\x16\x00\x13\x00')
You're accessing the development server over HTTPS, but it only supports HTTP.
[23/Jul/2015 04:47:56]code 400, message Bad request syntax ('\x00\x00\x00\xa4\xffSMBr\x00\x00\x00\x00\x08\x01@\x00\x00\x00\x00\x00\x00\x00\x00\x00\x00\x00\x00\x00\x00@\x06\x00\x00\x01\x00\x00\x81\x00\x02PC NETWORK PROGRAM 1.0\x00\x02MICROSOFT NETWORKS 1.03\x00\x02MICROSOFT NETWORKS 3.0\x00\x02LANMAN1.0\x00\x02LM1.2X002\x00\x02Samba\x00\x02NT LANMAN 1.0\x00\x02NT LM 0.12\x00')
[23/Jul/2015 04:47:56]
[23/Jul/2015 04:47:56]code 400, message Bad request syntax ('\x01default')
[23/Jul/2015 04:47:56]"default" 400 -
[23/Jul/2015 04:48:01]code 400, message Bad HTTP/0.9 request type ('0')
[23/Jul/2015 04:48:01]
[23/Jul/2015 04:48:06]code 400, message Bad request syntax ('TNMP\x04\x00\x00\x00TNME\x00\x00\x04\x00')
[23/Jul/2015 04:48:06]"TNMP   TNME   " 400 -
[23/Jul/2015 04:48:11]code 400, message Bad HTTP/0.9 request type ('\x03\x00\x00')
[23/Jul/2015 04:48:11]
[23/Jul/2015 04:48:16]code 400, message Bad request syntax ('DmdT\x00\x00\x00\x17\x00\x00\x00\x01\x00\x00\x00\x00\x11\x11\x00\xff\x01\xff\x13')
[23/Jul/2015 04:48:16]
[23/Jul/2015 04:48:21]code 400, message Bad request syntax (':\x00\x00\x00/\x00\x00\x00\x02\x00\x00@\x02\x0f\x00\x01\x00=\x05\x00\x00\x00\x00\x00\x00\x00\x00\x00\x00\x00\x00/\x00\x00\x00\x00\x00\x00\x00\x00\x00@\x1f\x00\x00\x00\x00\x00\x00\x00\x00\x00\x00\x00\x00\x00\x00\x00\x00\x00')
[23/Jul/2015 04:48:21]":   /     @  =            /         @                 " 400 -
[23/Jul/2015 04:48:21]code 400, message Bad request version ('>')
[23/Jul/2015 04:48:21]"< NTP/1.0 >" 400 -
[23/Jul/2015 04:48:26]code 400, message Bad request syntax ('\x01\x00\x00\xfd\xce\xfa\x0b\xb0\xa0\x00\x00\x00MMS\x14\x00\x00\x00\x00\x00\x00\x00\x00\x00\x00\x00\x00\x00\x00\x00\x12\x00\x00\x00\x01\x00\x03\x00\xf0\xf0\xf0\xf0\x0b\x00\x04\x00\x1c\x00\x03\x00N\x00S\x00P\x00l\x00a\x00y\x00e\x00r\x00/\x009\x00.\x000\x00.\x000\x00.\x002\x009\x008\x000\x00;\x00 \x00{\x000\x000\x000\x000\x00A\x00A\x000\x000\x00-\x000\x00A\x000\x000\x00-\x000\x000\x00a\x000\x00-\x00A\x00A\x000\x00A\x00-\x000\x000\x000\x000\x00A\x000\x00A\x00A\x000\x00A\x00A\x000\x00}\x00\x00\x00\xe0m\xdf_')
[23/Jul/2015 04:48:26]
[23/Jul/2015 04:48:31]code 400, message Bad HTTP/0.9 request type ('\x00Z\x00\x00\x01\x00\x00\x00\x016\x01,\x00\x00\x08\x00\x7f\xff\x7f\x08\x00\x00\x00\x01\x00')
[23/Jul/2015 04:48:31]
[23/Jul/2015 13:22:50]code 400, message Bad request syntax ('\x00')
[23/Jul/2015 13:22:50]" " 400 -
[23/Jul/2015 13:22:55]"GET http://httpheader.net HTTP/1.1" 404 1661
[23/Jul/2015 13:23:16]code 400, message Bad request syntax ('\x04\x01\x00P\xc0c\xf660\x00')
[23/Jul/2015 13:23:16]
[23/Jul/2015 13:23:37]code 400, message Bad request syntax ('\x05\x01\x00')
[23/Jul/2015 13:23:37]" " 400 -
[24/Jul/2015 03:56:59]code 400, message Bad request syntax ('\x00')
[24/Jul/2015 03:56:59]" " 400 -
[24/Jul/2015 03:57:01]"GET http://httpheader.net HTTP/1.1" 404 1661
[24/Jul/2015 03:57:23]code 400, message Bad request syntax ('\x04\x01\x00P\xc0\x03\xb1\xaa0\x00')
[24/Jul/2015 03:57:23]
[24/Jul/2015 03:57:43]code 400, message Bad request syntax ('\x05\x01\x00')
[24/Jul/2015 03:57:43]" " 400 -
Traceback (most recent call last):
  File "/usr/lib64/python2.7/SocketServer.py", line 593, in process_request_thread
    self.finish_request(request, client_address)
  File "/usr/lib64/python2.7/SocketServer.py", line 334, in finish_request
    self.RequestHandlerClass(request, client_address, self)
  File "/usr/lib/python2.7/site-packages/django/core/servers/basehttp.py", line 102, in __init__
    super(WSGIRequestHandler, self).__init__(*args, **kwargs)
  File "/usr/lib64/python2.7/SocketServer.py", line 649, in __init__
    self.handle()
  File "/usr/lib/python2.7/site-packages/django/core/servers/basehttp.py", line 167, in handle
    self.raw_requestline = self.rfile.readline(65537)
  File "/usr/lib64/python2.7/socket.py", line 476, in readline
    data = self._sock.recv(self._rbufsize)
error: [Errno 104] Connection reset by peer
[24/Jul/2015 06:08:04]"GET / HTTP/1.1" 404 2012
[24/Jul/2015 06:08:12]code 400, message Bad HTTP/0.9 request type ('\x00\x00\x00TZ\x00\x00\x00\x00\x00\x00\x00\x00\x01\x00\x10\x04\x01.\x05\x00\x00\x00\x00\x81I\xa8\xc0\x00')
[24/Jul/2015 06:08:12]
[25/Jul/2015 01:10:10]code 400, message Bad request syntax ('\x00')
[25/Jul/2015 01:10:10]" " 400 -
[25/Jul/2015 01:10:14]"GET http://httpheader.net HTTP/1.1" 404 1661
[25/Jul/2015 01:10:35]code 400, message Bad request syntax ('\x04\x01\x00P\xc0\x03\xb1\xaa0\x00')
[25/Jul/2015 01:10:35]
[25/Jul/2015 01:10:55]code 400, message Bad request syntax ('\x05\x01\x00')
[25/Jul/2015 01:10:55]" " 400 -
[25/Jul/2015 06:37:52]"GET / HTTP/1.1" 404 2017
